<?xml version="1.0" encoding="UTF-8"?>
<!-- Generated by org.testng.reporters.JUnitReportReporter -->
<testsuite skipped="0" hostname="LAPTOP-4A09D7UF" name="com.jenkin.testing.test1" tests="1" failures="0" timestamp="2020-07-31T07:46:24 IST" time="0.004" errors="0">
  <testcase name="testing1" time="0.004" classname="com.jenkin.testing.test1"/>
  <system-out/>
</testsuite> <!-- com.jenkin.testing.test1 -->
